talleres/taller2/app/build/intermediates/manifest_merge_blame_file/debug/manifest-merger-blame-debug-report.txt
1<?xml version="1.0" encoding="utf-8"?>
2<manifest xmlns:android="http://schemas.android.com/apk/res/android"
3    package="com.example.taller2"
4    android:versionCode="1"
5    android:versionName="1.0" >
6
7    <uses-sdk
8        android:minSdkVersion="31"
8-->src\main\AndroidManifest.xml
9        android:targetSdkVersion="32" />
9-->src\main\AndroidManifest.xml
10
11    <!-- Include required permissions for Google Maps API to run. -->
12    <uses-permission android:name="android.permission.ACCESS_NETWORK_STATE" />
12-->[com.google.android.gms:play-services-maps:18.1.0] AndroidManifest.xml:23:5-79
12-->[com.google.android.gms:play-services-maps:18.1.0] AndroidManifest.xml:23:22-76
13    <uses-permission android:name="android.permission.INTERNET" />
13-->[com.google.android.gms:play-services-maps:18.1.0] AndroidManifest.xml:24:5-67
13-->[com.google.android.gms:play-services-maps:18.1.0] AndroidManifest.xml:24:22-64
14
15    <uses-feature
15-->[com.google.android.gms:play-services-maps:18.1.0] AndroidManifest.xml:26:5-28:35
16        android:glEsVersion="0x00020000"
16-->[com.google.android.gms:play-services-maps:18.1.0] AndroidManifest.xml:27:9-41
17        android:required="true" />
17-->[com.google.android.gms:play-services-maps:18.1.0] AndroidManifest.xml:28:9-32
18
19    <queries>
19-->[com.google.android.gms:play-services-maps:18.1.0] AndroidManifest.xml:30:5-34:15
20
21        <!-- Needs to be explicitly declared on Android R+ -->
22        <package android:name="com.google.android.apps.maps" />
22-->[com.google.android.gms:play-services-maps:18.1.0] AndroidManifest.xml:33:9-64
22-->[com.google.android.gms:play-services-maps:18.1.0] AndroidManifest.xml:33:18-61
23    </queries>
24
25    <application
25-->src\main\AndroidManifest.xml:5:5-51:19
26        android:allowBackup="true"
26-->src\main\AndroidManifest.xml:6:9-35
27        android:appComponentFactory="androidx.core.app.CoreComponentFactory"
27-->[androidx.core:core:1.8.0] AndroidManifest.xml:24:18-86
28        android:dataExtractionRules="@xml/data_extraction_rules"
28-->src\main\AndroidManifest.xml:7:9-65
29        android:debuggable="true"
30        android:extractNativeLibs="false"
31        android:fullBackupContent="@xml/backup_rules"
31-->src\main\AndroidManifest.xml:8:9-54
32        android:icon="@mipmap/ic_launcher"
32-->src\main\AndroidManifest.xml:9:9-43
33        android:label="@string/app_name"
33-->src\main\AndroidManifest.xml:10:9-41
34        android:roundIcon="@mipmap/ic_launcher_round"
34-->src\main\AndroidManifest.xml:11:9-54
35        android:supportsRtl="true"
35-->src\main\AndroidManifest.xml:12:9-35
36        android:testOnly="true"
37        android:theme="@style/Theme.Taller2" >
37-->src\main\AndroidManifest.xml:13:9-45
38
39        <!--
40             TODO: Before you run your application, you need a Google Maps API key.
41
42             To get one, follow the directions here:
43
44                https://developers.google.com/maps/documentation/android-sdk/get-api-key
45
46             Once you have your API key (it starts with "AIza"), define a new property in your
47             project's local.properties file (e.g. MAPS_API_KEY=Aiza...), and replace the
48             "YOUR_API_KEY" string in this file with "${MAPS_API_KEY}".
49        -->
50        <meta-data
50-->src\main\AndroidManifest.xml:27:9-29:44
51            android:name="com.google.android.geo.API_KEY"
51-->src\main\AndroidManifest.xml:28:13-58
52            android:value="YOUR_API_KEY" />
52-->src\main\AndroidManifest.xml:29:13-41
53
54        <activity
54-->src\main\AndroidManifest.xml:31:9-34:59
55            android:name="com.example.taller2.MapsActivity"
55-->src\main\AndroidManifest.xml:32:13-41
56            android:exported="false"
56-->src\main\AndroidManifest.xml:33:13-37
57            android:label="@string/title_activity_maps" />
57-->src\main\AndroidManifest.xml:34:13-56
58        <activity
58-->src\main\AndroidManifest.xml:35:9-41:20
59            android:name="com.example.taller2.MainImagenesActivity"
59-->src\main\AndroidManifest.xml:36:13-49
60            android:exported="false" >
60-->src\main\AndroidManifest.xml:37:13-37
61            <meta-data
61-->src\main\AndroidManifest.xml:38:13-40:36
62                android:name="android.app.lib_name"
62-->src\main\AndroidManifest.xml:39:17-52
63                android:value="" />
63-->src\main\AndroidManifest.xml:40:17-33
64        </activity>
65        <activity
65-->src\main\AndroidManifest.xml:42:9-50:20
66            android:name="com.example.taller2.MainActivity"
66-->src\main\AndroidManifest.xml:43:13-41
67            android:exported="true" >
67-->src\main\AndroidManifest.xml:44:13-36
68            <intent-filter>
68-->src\main\AndroidManifest.xml:45:13-49:29
69                <action android:name="android.intent.action.MAIN" />
69-->src\main\AndroidManifest.xml:46:17-69
69-->src\main\AndroidManifest.xml:46:25-66
70
71                <category android:name="android.intent.category.LAUNCHER" />
71-->src\main\AndroidManifest.xml:48:17-77
71-->src\main\AndroidManifest.xml:48:27-74
72            </intent-filter>
73        </activity>
74        <!-- Needs to be explicitly declared on P+ -->
75        <uses-library
75-->[com.google.android.gms:play-services-maps:18.1.0] AndroidManifest.xml:39:9-41:40
76            android:name="org.apache.http.legacy"
76-->[com.google.android.gms:play-services-maps:18.1.0] AndroidManifest.xml:40:13-50
77            android:required="false" />
77-->[com.google.android.gms:play-services-maps:18.1.0] AndroidManifest.xml:41:13-37
78
79        <activity
79-->[com.google.android.gms:play-services-base:18.0.1] AndroidManifest.xml:20:9-22:45
80            android:name="com.google.android.gms.common.api.GoogleApiActivity"
80-->[com.google.android.gms:play-services-base:18.0.1] AndroidManifest.xml:20:19-85
81            android:exported="false"
81-->[com.google.android.gms:play-services-base:18.0.1] AndroidManifest.xml:22:19-43
82            android:theme="@android:style/Theme.Translucent.NoTitleBar" />
82-->[com.google.android.gms:play-services-base:18.0.1] AndroidManifest.xml:21:19-78
83
84        <meta-data
84-->[com.google.android.gms:play-services-basement:18.0.0] AndroidManifest.xml:21:9-23:69
85            android:name="com.google.android.gms.version"
85-->[com.google.android.gms:play-services-basement:18.0.0] AndroidManifest.xml:22:13-58
86            android:value="@integer/google_play_services_version" />
86-->[com.google.android.gms:play-services-basement:18.0.0] AndroidManifest.xml:23:13-66
87
88        <provider
88-->[androidx.emoji2:emoji2:1.2.0] AndroidManifest.xml:24:9-32:20
89            android:name="androidx.startup.InitializationProvider"
89-->[androidx.emoji2:emoji2:1.2.0] AndroidManifest.xml:25:13-67
90            android:authorities="com.example.taller2.androidx-startup"
90-->[androidx.emoji2:emoji2:1.2.0] AndroidManifest.xml:26:13-68
91            android:exported="false" >
91-->[androidx.emoji2:emoji2:1.2.0] AndroidManifest.xml:27:13-37
92            <meta-data
92-->[androidx.emoji2:emoji2:1.2.0] AndroidManifest.xml:29:13-31:52
93                android:name="androidx.emoji2.text.EmojiCompatInitializer"
93-->[androidx.emoji2:emoji2:1.2.0] AndroidManifest.xml:30:17-75
94                android:value="androidx.startup" />
94-->[androidx.emoji2:emoji2:1.2.0] AndroidManifest.xml:31:17-49
95            <meta-data
95-->[androidx.lifecycle:lifecycle-process:2.4.1] AndroidManifest.xml:31:13-33:52
96                android:name="androidx.lifecycle.ProcessLifecycleInitializer"
96-->[androidx.lifecycle:lifecycle-process:2.4.1] AndroidManifest.xml:32:17-78
97                android:value="androidx.startup" />
97-->[androidx.lifecycle:lifecycle-process:2.4.1] AndroidManifest.xml:33:17-49
98        </provider>
99    </application>
100
101</manifest>